This is pdfTeX, Version 3.141592653-2.6-1.40.24 (TeX Live 2022) (preloaded format=pdflatex 2022.11.16)  12 MAR 2023 23:56
entering extended mode
 restricted \write18 enabled.
 %&-line parsing enabled.
**main.tex
(./main.tex
LaTeX2e <2021-11-15> patch level 1
L3 programming layer <2022-02-24>
(/usr/local/texlive/2022/texmf-dist/tex/latex/base/report.cls
Document Class: report 2021/10/04 v1.4n Standard LaTeX document class
(/usr/local/texlive/2022/texmf-dist/tex/latex/base/size12.clo
File: size12.clo 2021/10/04 v1.4n Standard LaTeX file (size option)
)
\c@part=\count185
\c@chapter=\count186
\c@section=\count187
\c@subsection=\count188
\c@subsubsection=\count189
\c@paragraph=\count190
\c@subparagraph=\count191
\c@figure=\count192
\c@table=\count193
\abovecaptionskip=\skip47
\belowcaptionskip=\skip48
\bibindent=\dimen138
)
(/usr/local/texlive/2022/texmf-dist/tex/latex/geometry/geometry.sty
Package: geometry 2020/01/02 v5.9 Page Geometry

(/usr/local/texlive/2022/texmf-dist/tex/latex/graphics/keyval.sty
Package: keyval 2014/10/28 v1.15 key=value parser (DPC)
\KV@toks@=\toks16
)
(/usr/local/texlive/2022/texmf-dist/tex/generic/iftex/ifvtex.sty
Package: ifvtex 2019/10/25 v1.7 ifvtex legacy package. Use iftex instead.

(/usr/local/texlive/2022/texmf-dist/tex/generic/iftex/iftex.sty
Package: iftex 2022/02/03 v1.0f TeX engine tests
))
\Gm@cnth=\count194
\Gm@cntv=\count195
\c@Gm@tempcnt=\count196
\Gm@bindingoffset=\dimen139
\Gm@wd@mp=\dimen140
\Gm@odd@mp=\dimen141
\Gm@even@mp=\dimen142
\Gm@layoutwidth=\dimen143
\Gm@layoutheight=\dimen144
\Gm@layouthoffset=\dimen145
\Gm@layoutvoffset=\dimen146
\Gm@dimlist=\toks17
)
(/usr/local/texlive/2022/texmf-dist/tex/generic/babel/babel.sty
Package: babel 2022/02/26 3.73 The Babel package
\babel@savecnt=\count197
\U@D=\dimen147
\l@unhyphenated=\language87

(/usr/local/texlive/2022/texmf-dist/tex/generic/babel/txtbabel.def)
\bbl@readstream=\read2
\bbl@dirlevel=\count198

(/usr/local/texlive/2022/texmf-dist/tex/generic/babel-italian/italian.ldf
Language: italian 2020/05/21 v.1.4.04 Italian support for the babel system
\it@lettering=\count199
\it@doublequoteactive=\count266
\it@ISOcompliance=\count267
))
(/usr/local/texlive/2022/texmf-dist/tex/latex/etoolbox/etoolbox.sty
Package: etoolbox 2020/10/05 v2.5k e-TeX tools for LaTeX (JAW)
\etb@tempcnta=\count268
)
(/usr/local/texlive/2022/texmf-dist/tex/latex/base/fontenc.sty
Package: fontenc 2021/04/29 v2.0v Standard LaTeX package
)
(/usr/local/texlive/2022/texmf-dist/tex/latex/graphics/graphicx.sty
Package: graphicx 2021/09/16 v1.2d Enhanced LaTeX Graphics (DPC,SPQR)

(/usr/local/texlive/2022/texmf-dist/tex/latex/graphics/graphics.sty
Package: graphics 2021/03/04 v1.4d Standard LaTeX Graphics (DPC,SPQR)

(/usr/local/texlive/2022/texmf-dist/tex/latex/graphics/trig.sty
Package: trig 2021/08/11 v1.11 sin cos tan (DPC)
)
(/usr/local/texlive/2022/texmf-dist/tex/latex/graphics-cfg/graphics.cfg
File: graphics.cfg 2016/06/04 v1.11 sample graphics configuration
)
Package graphics Info: Driver file: pdftex.def on input line 107.

(/usr/local/texlive/2022/texmf-dist/tex/latex/graphics-def/pdftex.def
File: pdftex.def 2020/10/05 v1.2a Graphics/color driver for pdftex
))
\Gin@req@height=\dimen148
\Gin@req@width=\dimen149
)
(/usr/local/texlive/2022/texmf-dist/tex/latex/caption/caption.sty
Package: caption 2022/03/01 v3.6b Customizing captions (AR)

(/usr/local/texlive/2022/texmf-dist/tex/latex/caption/caption3.sty
Package: caption3 2022/03/17 v2.3b caption3 kernel (AR)
\caption@tempdima=\dimen150
\captionmargin=\dimen151
\caption@leftmargin=\dimen152
\caption@rightmargin=\dimen153
\caption@width=\dimen154
\caption@indent=\dimen155
\caption@parindent=\dimen156
\caption@hangindent=\dimen157
Package caption Info: Standard document class detected.
)
\c@caption@flags=\count269
\c@continuedfloat=\count270
)
(/usr/local/texlive/2022/texmf-dist/tex/latex/graphics/color.sty
Package: color 2021/12/07 v1.3c Standard LaTeX Color (DPC)

(/usr/local/texlive/2022/texmf-dist/tex/latex/graphics-cfg/color.cfg
File: color.cfg 2016/01/02 v1.6 sample color configuration
)
Package color Info: Driver file: pdftex.def on input line 149.
)
(/usr/local/texlive/2022/texmf-dist/tex/latex/listings/listings.sty
\lst@mode=\count271
\lst@gtempboxa=\box50
\lst@token=\toks18
\lst@length=\count272
\lst@currlwidth=\dimen158
\lst@column=\count273
\lst@pos=\count274
\lst@lostspace=\dimen159
\lst@width=\dimen160
\lst@newlines=\count275
\lst@lineno=\count276
\lst@maxwidth=\dimen161

(/usr/local/texlive/2022/texmf-dist/tex/latex/listings/lstmisc.sty
File: lstmisc.sty 2020/03/24 1.8d (Carsten Heinz)
\c@lstnumber=\count277
\lst@skipnumbers=\count278
\lst@framebox=\box51
)
(/usr/local/texlive/2022/texmf-dist/tex/latex/listings/listings.cfg
File: listings.cfg 2020/03/24 1.8d listings configuration
))
Package: listings 2020/03/24 1.8d (Carsten Heinz)

(/usr/local/texlive/2022/texmf-dist/tex/latex/fncychap/fncychap.sty
Package: fncychap 2007/07/30 v1.34 LaTeX package (Revised chapters)
\RW=\skip49
\mylen=\skip50
\myhi=\skip51
\px=\skip52
\py=\skip53
\pyy=\skip54
\pxx=\skip55
\backskip=\skip56
)
(/usr/local/texlive/2022/texmf-dist/tex/latex/tools/indentfirst.sty
Package: indentfirst 1995/11/23 v1.03 Indent first paragraph (DPC)
)
(/usr/local/texlive/2022/texmf-dist/tex/latex/tools/longtable.sty
Package: longtable 2021-09-01 v4.17 Multi-page Table package (DPC)
\LTleft=\skip57
\LTright=\skip58
\LTpre=\skip59
\LTpost=\skip60
\LTchunksize=\count279
\LTcapwidth=\dimen162
\LT@head=\box52
\LT@firsthead=\box53
\LT@foot=\box54
\LT@lastfoot=\box55
\LT@gbox=\box56
\LT@cols=\count280
\LT@rows=\count281
\c@LT@tables=\count282
\c@LT@chunks=\count283
\LT@p@ftn=\toks19
)
(/usr/local/texlive/2022/texmf-dist/tex/latex/amsmath/amsmath.sty
Package: amsmath 2021/10/15 v2.17l AMS math features
\@mathmargin=\skip61

For additional information on amsmath, use the `?' option.
(/usr/local/texlive/2022/texmf-dist/tex/latex/amsmath/amstext.sty
Package: amstext 2021/08/26 v2.01 AMS text

(/usr/local/texlive/2022/texmf-dist/tex/latex/amsmath/amsgen.sty
File: amsgen.sty 1999/11/30 v2.0 generic functions
\@emptytoks=\toks20
\ex@=\dimen163
))
(/usr/local/texlive/2022/texmf-dist/tex/latex/amsmath/amsbsy.sty
Package: amsbsy 1999/11/29 v1.2d Bold Symbols
\pmbraise@=\dimen164
)
(/usr/local/texlive/2022/texmf-dist/tex/latex/amsmath/amsopn.sty
Package: amsopn 2021/08/26 v2.02 operator names
)
\inf@bad=\count284
LaTeX Info: Redefining \frac on input line 234.
\uproot@=\count285
\leftroot@=\count286
LaTeX Info: Redefining \overline on input line 399.
\classnum@=\count287
\DOTSCASE@=\count288
LaTeX Info: Redefining \ldots on input line 496.
LaTeX Info: Redefining \dots on input line 499.
LaTeX Info: Redefining \cdots on input line 620.
\Mathstrutbox@=\box57
\strutbox@=\box58
\big@size=\dimen165
LaTeX Font Info:    Redeclaring font encoding OML on input line 743.
LaTeX Font Info:    Redeclaring font encoding OMS on input line 744.
\macc@depth=\count289
\c@MaxMatrixCols=\count290
\dotsspace@=\muskip16
\c@parentequation=\count291
\dspbrk@lvl=\count292
\tag@help=\toks21
\row@=\count293
\column@=\count294
\maxfields@=\count295
\andhelp@=\toks22
\eqnshift@=\dimen166
\alignsep@=\dimen167
\tagshift@=\dimen168
\tagwidth@=\dimen169
\totwidth@=\dimen170
\lineht@=\dimen171
\@envbody=\toks23
\multlinegap=\skip62
\multlinetaggap=\skip63
\mathdisplay@stack=\toks24
LaTeX Info: Redefining \[ on input line 2938.
LaTeX Info: Redefining \] on input line 2939.
)
(/usr/local/texlive/2022/texmf-dist/tex/latex/amsfonts/amssymb.sty
Package: amssymb 2013/01/14 v3.01 AMS font symbols

(/usr/local/texlive/2022/texmf-dist/tex/latex/amsfonts/amsfonts.sty
Package: amsfonts 2013/01/14 v3.01 Basic AMSFonts support
\symAMSa=\mathgroup4
\symAMSb=\mathgroup5
LaTeX Font Info:    Redeclaring math symbol \hbar on input line 98.
LaTeX Font Info:    Overwriting math alphabet `\mathfrak' in version `bold'
(Font)                  U/euf/m/n --> U/euf/b/n on input line 106.
))
(/usr/local/texlive/2022/texmf-dist/tex/latex/amscls/amsthm.sty
Package: amsthm 2020/05/29 v2.20.6
\thm@style=\toks25
\thm@bodyfont=\toks26
\thm@headfont=\toks27
\thm@notefont=\toks28
\thm@headpunct=\toks29
\thm@preskip=\skip64
\thm@postskip=\skip65
\thm@headsep=\skip66
\dth@everypar=\toks30
)
(/usr/local/texlive/2022/texmf-dist/tex/latex/chngcntr/chngcntr.sty
Package: chngcntr 2018/04/09 v1.1a change counter resetting
Package chngcntr Info: \counterwithout already defined.
(chngcntr)             Quitting chngcntr on input line 21.
)
(/usr/local/texlive/2022/texmf-dist/tex/latex/csquotes/csquotes.sty
Package: csquotes 2021-02-22 v5.2l context-sensitive quotations (JAW)
\csq@reset=\count296
\csq@gtype=\count297
\csq@glevel=\count298
\csq@qlevel=\count299
\csq@maxlvl=\count300
\csq@tshold=\count301
\csq@ltx@everypar=\toks31

(/usr/local/texlive/2022/texmf-dist/tex/latex/csquotes/csquotes.def
File: csquotes.def 2021-02-22 v5.2l csquotes generic definitions (JAW)
)
Package csquotes Info: Trying to load configuration file 'csquotes.cfg'...
Package csquotes Info: ... configuration file loaded successfully.

(/usr/local/texlive/2022/texmf-dist/tex/latex/csquotes/csquotes.cfg
File: csquotes.cfg 
)
Package csquotes Info: Option 'babel' depreciated.
(csquotes)             Using 'autostyle'.
Package csquotes Info: Enabling multilingual quotes.
)
(/usr/local/texlive/2022/texmf-dist/tex/latex/xcolor/xcolor.sty
Package: xcolor 2021/10/31 v2.13 LaTeX color extensions (UK)

(/usr/local/texlive/2022/texmf-dist/tex/latex/graphics-cfg/color.cfg
File: color.cfg 2016/01/02 v1.6 sample color configuration
)
Package xcolor Info: Driver file: pdftex.def on input line 227.

(/usr/local/texlive/2022/texmf-dist/tex/latex/colortbl/colortbl.sty
Package: colortbl 2020/01/04 v1.0e Color table columns (DPC)

(/usr/local/texlive/2022/texmf-dist/tex/latex/tools/array.sty
Package: array 2021/10/04 v2.5f Tabular extension package (FMi)
\col@sep=\dimen172
\ar@mcellbox=\box59
\extrarowheight=\dimen173
\NC@list=\toks32
\extratabsurround=\skip67
\backup@length=\skip68
\ar@cellbox=\box60
)
\everycr=\toks33
\minrowclearance=\skip69
)
LaTeX Info: Redefining \color on input line 711.
\rownum=\count302
Package xcolor Info: Model `cmy' substituted by `cmy0' on input line 1352.
Package xcolor Info: Model `hsb' substituted by `rgb' on input line 1356.
Package xcolor Info: Model `RGB' extended on input line 1368.
Package xcolor Info: Model `HTML' substituted by `rgb' on input line 1370.
Package xcolor Info: Model `Hsb' substituted by `hsb' on input line 1371.
Package xcolor Info: Model `tHsb' substituted by `hsb' on input line 1372.
Package xcolor Info: Model `HSB' substituted by `hsb' on input line 1373.
Package xcolor Info: Model `Gray' substituted by `gray' on input line 1374.
Package xcolor Info: Model `wave' substituted by `hsb' on input line 1375.
)
(/usr/local/texlive/2022/texmf-dist/tex/latex/multirow/multirow.sty
Package: multirow 2021/03/15 v2.8 Span multiple rows of a table
\multirow@colwidth=\skip70
\multirow@cntb=\count303
\multirow@dima=\skip71
\bigstrutjot=\dimen174
)
(/usr/local/texlive/2022/texmf-dist/tex/latex/was/gensymb.sty
Package: gensymb 2003/07/02 v1.0 (WaS)
)
(/usr/local/texlive/2022/texmf-dist/tex/latex/pdflscape/pdflscape.sty
Package: pdflscape 2019/12/05 v0.12 Display of landscape pages in PDF (HO)

(/usr/local/texlive/2022/texmf-dist/tex/latex/graphics/lscape.sty
Package: lscape 2020/05/28 v3.02 Landscape Pages (DPC)
)
Package pdflscape Info: Auto-detected driver: pdftex on input line 81.
)
(/usr/local/texlive/2022/texmf-dist/tex/latex/caption/subcaption.sty
Package: subcaption 2022/01/07 v1.5 Sub-captions (AR)
\c@subfigure=\count304
\c@subtable=\count305
)
(/usr/local/texlive/2022/texmf-dist/tex/latex/url/url.sty
\Urlmuskip=\muskip17
Package: url 2013/09/16  ver 3.4  Verb mode for urls, etc.
)
(/usr/local/texlive/2022/texmf-dist/tex/latex/appendix/appendix.sty
Package: appendix 2020/02/08 v1.2c extra appendix facilities
\c@@pps=\count306
\c@@ppsavesec=\count307
\c@@ppsaveapp=\count308
)
(/usr/local/texlive/2022/texmf-dist/tex/latex/booktabs/booktabs.sty
Package: booktabs 2020/01/12 v1.61803398 Publication quality tables
\heavyrulewidth=\dimen175
\lightrulewidth=\dimen176
\cmidrulewidth=\dimen177
\belowrulesep=\dimen178
\belowbottomsep=\dimen179
\aboverulesep=\dimen180
\abovetopsep=\dimen181
\cmidrulesep=\dimen182
\cmidrulekern=\dimen183
\defaultaddspace=\dimen184
\@cmidla=\count309
\@cmidlb=\count310
\@aboverulesep=\dimen185
\@belowrulesep=\dimen186
\@thisruleclass=\count311
\@lastruleclass=\count312
\@thisrulewidth=\dimen187
)
(/usr/local/texlive/2022/texmf-dist/tex/latex/comment/comment.sty
\CommentStream=\write3

Excluding comment 'comment')
(/usr/local/texlive/2022/texmf-dist/tex/latex/algorithm2e/algorithm2e.sty
Package: algorithm2e 2017/07/18 v5.2 algorithms environments
\c@AlgoLine=\count313

(/usr/local/texlive/2022/texmf-dist/tex/latex/base/ifthen.sty
Package: ifthen 2020/11/24 v1.1c Standard LaTeX ifthen package (DPC)
)
\algocf@hangindent=\skip72

(/usr/local/texlive/2022/texmf-dist/tex/latex/ifoddpage/ifoddpage.sty
Package: ifoddpage 2016/04/23 v1.1 Conditionals for odd/even page detection
\c@checkoddpage=\count314
)
(/usr/local/texlive/2022/texmf-dist/tex/latex/tools/xspace.sty
Package: xspace 2014/10/28 v1.13 Space after command names (DPC,MH)
)
(/usr/local/texlive/2022/texmf-dist/tex/latex/relsize/relsize.sty
Package: relsize 2013/03/29 ver 4.1
)
\skiptotal=\skip73
\skiplinenumber=\skip74
\skiprule=\skip75
\skiphlne=\skip76
\skiptext=\skip77
\skiplength=\skip78
\algomargin=\skip79
\skipalgocfslide=\skip80
\algowidth=\dimen188
\inoutsize=\dimen189
\inoutindent=\dimen190
\interspacetitleruled=\dimen191
\interspacealgoruled=\dimen192
\interspacetitleboxruled=\dimen193
\algocf@ruledwidth=\skip81
\algocf@inoutbox=\box61
\algocf@inputbox=\box62
\AlCapSkip=\skip82
\AlCapHSkip=\skip83
\algoskipindent=\skip84
\algocf@nlbox=\box63
\algocf@hangingbox=\box64
\algocf@untilbox=\box65
\algocf@skipuntil=\skip85
\algocf@capbox=\box66
\algocf@lcaptionbox=\skip86
\algoheightruledefault=\skip87
\algoheightrule=\skip88
\algotitleheightruledefault=\skip89
\algotitleheightrule=\skip90
\c@algocfline=\count315
\c@algocfproc=\count316
\c@algocf=\count317
\algocf@algoframe=\box67
\algocf@algobox=\box68
)
Package csquotes Info: Checking for multilingual support...
Package csquotes Info: ... found 'babel' package.

(/usr/local/texlive/2022/texmf-dist/tex/latex/l3backend/l3backend-pdftex.def
File: l3backend-pdftex.def 2022-02-07 L3 backend support: PDF output (pdfTeX)
\l__color_backend_stack_int=\count318
\l__pdf_internal_box=\box69
)
(./main.aux)
\openout1 = `main.aux'.

LaTeX Font Info:    Checking defaults for OML/cmm/m/it on input line 45.
LaTeX Font Info:    ... okay on input line 45.
LaTeX Font Info:    Checking defaults for OMS/cmsy/m/n on input line 45.
LaTeX Font Info:    ... okay on input line 45.
LaTeX Font Info:    Checking defaults for OT1/cmr/m/n on input line 45.
LaTeX Font Info:    ... okay on input line 45.
LaTeX Font Info:    Checking defaults for T1/cmr/m/n on input line 45.
LaTeX Font Info:    ... okay on input line 45.
LaTeX Font Info:    Checking defaults for TS1/cmr/m/n on input line 45.
LaTeX Font Info:    ... okay on input line 45.
LaTeX Font Info:    Checking defaults for OMX/cmex/m/n on input line 45.
LaTeX Font Info:    ... okay on input line 45.
LaTeX Font Info:    Checking defaults for U/cmr/m/n on input line 45.
LaTeX Font Info:    ... okay on input line 45.

*geometry* driver: auto-detecting
*geometry* detected driver: pdftex
*geometry* verbose mode - [ preamble ] result:
* driver: pdftex
* paper: a4paper
* layout: <same size as paper>
* layoutoffset:(h,v)=(0.0pt,0.0pt)
* modes: 
* h-part:(L,W,R)=(108.12047pt, 426.79135pt, 62.59605pt)
* v-part:(T,H,B)=(79.66771pt, 685.71143pt, 79.66771pt)
* \paperwidth=597.50787pt
* \paperheight=845.04684pt
* \textwidth=426.79135pt
* \textheight=685.71143pt
* \oddsidemargin=35.85048pt
* \evensidemargin=35.85048pt
* \topmargin=-29.60228pt
* \headheight=12.0pt
* \headsep=25.0pt
* \topskip=12.0pt
* \footskip=30.0pt
* \marginparwidth=35.0pt
* \marginparsep=10.0pt
* \columnsep=10.0pt
* \skip\footins=10.8pt plus 4.0pt minus 2.0pt
* \hoffset=0.0pt
* \voffset=0.0pt
* \mag=1000
* \@twocolumnfalse
* \@twosidefalse
* \@mparswitchfalse
* \@reversemarginfalse
* (1in=72.27pt=25.4mm, 1cm=28.453pt)

LaTeX Info: Redefining \it@ocap on input line 45.
LaTeX Info: Redefining \it@ccap on input line 45.
(/usr/local/texlive/2022/texmf-dist/tex/context/base/mkii/supp-pdf.mkii
[Loading MPS to PDF converter (version 2006.09.02).]
\scratchcounter=\count319
\scratchdimen=\dimen194
\scratchbox=\box70
\nofMPsegments=\count320
\nofMParguments=\count321
\everyMPshowfont=\toks34
\MPscratchCnt=\count322
\MPscratchDim=\dimen195
\MPnumerator=\count323
\makeMPintoPDFobject=\count324
\everyMPtoPDFconversion=\toks35
) (/usr/local/texlive/2022/texmf-dist/tex/latex/epstopdf-pkg/epstopdf-base.sty
Package: epstopdf-base 2020-01-24 v2.11 Base part for package epstopdf
Package epstopdf-base Info: Redefining graphics rule for `.eps' on input line 4
85.

(/usr/local/texlive/2022/texmf-dist/tex/latex/latexconfig/epstopdf-sys.cfg
File: epstopdf-sys.cfg 2010/07/13 v1.3 Configuration of (r)epstopdf for TeX Liv
e
))
Package caption Info: Begin \AtBeginDocument code.
Package caption Info: listings package is loaded.
Package caption Info: longtable package is loaded.

(/usr/local/texlive/2022/texmf-dist/tex/latex/caption/ltcaption.sty
Package: ltcaption 2021/01/08 v1.4c longtable captions (AR)
)
Package caption Info: End \AtBeginDocument code.
\c@lstlisting=\count325
LaTeX Info: Redefining \celsius on input line 45.
Package gensymb Info: Faking symbols for \degree and \celsius on input line 45.



Package gensymb Warning: Not defining \perthousand.

LaTeX Info: Redefining \ohm on input line 45.
Package gensymb Info: Using \Omega for \ohm on input line 45.

Package gensymb Warning: Not defining \micro.

(./frontespizio/frontespizio.tex

Package geometry Warning: `a4paper': not available in `\newgeometry'; skipped.

*geometry* verbose mode - [ newgeometry ] result:
* driver: pdftex
* paper: a4paper
* layout: <same size as paper>
* layoutoffset:(h,v)=(0.0pt,0.0pt)
* modes: 
* h-part:(L,W,R)=(62.59605pt, 472.31577pt, 62.59605pt)
* v-part:(T,H,B)=(56.9055pt, 731.23584pt, 56.9055pt)
* \paperwidth=597.50787pt
* \paperheight=845.04684pt
* \textwidth=472.31577pt
* \textheight=731.23584pt
* \oddsidemargin=-9.67393pt
* \evensidemargin=-9.67393pt
* \topmargin=-52.36449pt
* \headheight=12.0pt
* \headsep=25.0pt
* \topskip=12.0pt
* \footskip=30.0pt
* \marginparwidth=35.0pt
* \marginparsep=10.0pt
* \columnsep=10.0pt
* \skip\footins=10.8pt plus 4.0pt minus 2.0pt
* \hoffset=0.0pt
* \voffset=0.0pt
* \mag=1000
* \@twocolumnfalse
* \@twosidefalse
* \@mparswitchfalse
* \@reversemarginfalse
* (1in=72.27pt=25.4mm, 1cm=28.453pt)

LaTeX Font Info:    Trying to load font information for U+msa on input line 13.

(/usr/local/texlive/2022/texmf-dist/tex/latex/amsfonts/umsa.fd
File: umsa.fd 2013/01/14 v3.01 AMS symbols A
)
LaTeX Font Info:    Trying to load font information for U+msb on input line 13.


(/usr/local/texlive/2022/texmf-dist/tex/latex/amsfonts/umsb.fd
File: umsb.fd 2013/01/14 v3.01 AMS symbols B
)
<frontespizio/stemma2.png, id=1, 145.54375pt x 181.67876pt>
File: frontespizio/stemma2.png Graphic file (type png)
<use frontespizio/stemma2.png>
Package pdftex.def Info: frontespizio/stemma2.png  used on input line 14.
(pdftex.def)             Requested size: 82.38774pt x 102.8455pt.

Overfull \hbox (2.09494pt too wide) in paragraph at lines 14--14
[][]  
 []

<frontespizio/disim2.png, id=3, 757.83125pt x 811.03pt>
File: frontespizio/disim2.png Graphic file (type png)
<use frontespizio/disim2.png>
Package pdftex.def Info: frontespizio/disim2.png  used on input line 25.
(pdftex.def)             Requested size: 96.84152pt x 103.6308pt.

Overfull \hbox (25.99706pt too wide) in paragraph at lines 25--25
 [][]
 []


Overfull \hbox (9.44109pt too wide) in paragraph at lines 13--27
 [] 
 []

[1


{/usr/local/texlive/2022/texmf-var/fonts/map/pdftex/updmap/pdftex.map} <./front
espizio/stemma2.png> <./frontespizio/disim2.png>]) (./dedica) [1

] (./main.toc [2

])
\tf@toc=\write4
\openout4 = `main.toc'.

 (./introduzione/introduzione.tex [3]
Capitolo 1.
LaTeX Font Info:    Trying to load font information for T1+cmss on input line 1
.
(/usr/local/texlive/2022/texmf-dist/tex/latex/base/t1cmss.fd
File: t1cmss.fd 2019/12/16 v2.5j Standard LaTeX font definitions
) [4

]
Overfull \hbox (3.81302pt too wide) in paragraph at lines 20--21
\T1/cmr/m/n/12 per-fi-cie, con-sen-te il fis-sag-gio ir-re-ver-si-bi-le del-l'e
-pa-ri-na al-la mem-bra-na filtrante[[]]. 
 []

[5] [6] [7]) (./capitolo1/capitolo1.tex [8]
Capitolo 2.
[9

]
<capitolo1/target.png, id=52, 487.8225pt x 483.8075pt>
File: capitolo1/target.png Graphic file (type png)
<use capitolo1/target.png>
Package pdftex.def Info: capitolo1/target.png  used on input line 39.
(pdftex.def)             Requested size: 227.62204pt x 225.75069pt.
 [10 <./capitolo1/target.png>] [11] [12]
Overfull \hbox (3.86171pt too wide) in paragraph at lines 174--174
 [][] 
 []


Overfull \hbox (3.86171pt too wide) in paragraph at lines 196--196
 [][] 
 []

[13]
<capitolo1/ritmo.png, id=68, 376.40625pt x 264.99pt>
File: capitolo1/ritmo.png Graphic file (type png)
<use capitolo1/ritmo.png>
Package pdftex.def Info: capitolo1/ritmo.png  used on input line 210.
(pdftex.def)             Requested size: 128.0387pt x 90.13988pt.
 [14 <./capitolo1/ritmo.png>]
<capitolo1/cuore.png, id=75, 1728.4575pt x 320.19624pt>
File: capitolo1/cuore.png Graphic file (type png)
<use capitolo1/cuore.png>
Package pdftex.def Info: capitolo1/cuore.png  used on input line 226.
(pdftex.def)             Requested size: 426.79134pt x 79.06192pt.
 [15 <./capitolo1/cuore.png>]
Underfull \hbox (badness 10000) in paragraph at lines 251--252

 []

<capitolo1/interfaccia.png, id=80, 487.8225pt x 467.7475pt>
File: capitolo1/interfaccia.png Graphic file (type png)
<use capitolo1/interfaccia.png>
Package pdftex.def Info: capitolo1/interfaccia.png  used on input line 275.
(pdftex.def)             Requested size: 149.37631pt x 143.23018pt.
<capitolo1/modalit√†.png, id=81, 487.8225pt x 467.7475pt>
File: capitolo1/modalit√†.png Graphic file (type png)
<use capitolo1/modalit√†.png>
Package pdftex.def Info: capitolo1/modalit√†.png  used on input line 281.
(pdftex.def)             Requested size: 149.37631pt x 143.23018pt.

LaTeX Warning: `h' float specifier changed to `ht'.

[16] [17 <./capitolo1/interfaccia.png> <./capitolo1/modalit√†.png>]
<capitolo1/hct.png, id=91, 387.4475pt x 265.99374pt>
File: capitolo1/hct.png Graphic file (type png)
<use capitolo1/hct.png>
Package pdftex.def Info: capitolo1/hct.png  used on input line 331.
(pdftex.def)             Requested size: 170.71718pt x 117.20401pt.
<capitolo1/hct1.png, id=92, 387.4475pt x 262.9825pt>
File: capitolo1/hct1.png Graphic file (type png)
<use capitolo1/hct1.png>
Package pdftex.def Info: capitolo1/hct1.png  used on input line 337.
(pdftex.def)             Requested size: 170.71718pt x 115.87717pt.
<capitolo1/crea.png, id=93, 386.44376pt x 262.9825pt>
File: capitolo1/crea.png Graphic file (type png)
<use capitolo1/crea.png>
Package pdftex.def Info: capitolo1/crea.png  used on input line 353.
(pdftex.def)             Requested size: 284.52756pt x 193.62888pt.


LaTeX Warning: `h' float specifier changed to `ht'.

[18 <./capitolo1/hct.png> <./capitolo1/hct1.png>]
<capitolo1/alb.png, id=100, 383.4325pt x 262.9825pt>
File: capitolo1/alb.png Graphic file (type png)
<use capitolo1/alb.png>
Package pdftex.def Info: capitolo1/alb.png  used on input line 368.
(pdftex.def)             Requested size: 170.71718pt x 117.08904pt.
<capitolo1/piastrine.png, id=101, 383.4325pt x 262.9825pt>
File: capitolo1/piastrine.png Graphic file (type png)
<use capitolo1/piastrine.png>
Package pdftex.def Info: capitolo1/piastrine.png  used on input line 374.
(pdftex.def)             Requested size: 170.71718pt x 117.08904pt.
 [19 <./capitolo1/crea.png> <./capitolo1/alb.png> <./capitolo1/piastrine.png>]
<capitolo1/sepsi.png, id=109, 487.8225pt x 483.8075pt>
File: capitolo1/sepsi.png Graphic file (type png)
<use capitolo1/sepsi.png>
Package pdftex.def Info: capitolo1/sepsi.png  used on input line 388.
(pdftex.def)             Requested size: 227.62204pt x 225.75069pt.
 [20 <./capitolo1/sepsi.png>]
<capitolo1/covid.png, id=114, 487.8225pt x 483.8075pt>
File: capitolo1/covid.png Graphic file (type png)
<use capitolo1/covid.png>
Package pdftex.def Info: capitolo1/covid.png  used on input line 406.
(pdftex.def)             Requested size: 170.71652pt x 169.313pt.

[21 <./capitolo1/covid.png>] [22]
<capitolo1/anticoag.png, id=122, 487.8225pt x 483.8075pt>
File: capitolo1/anticoag.png Graphic file (type png)
<use capitolo1/anticoag.png>
Package pdftex.def Info: capitolo1/anticoag.png  used on input line 460.
(pdftex.def)             Requested size: 170.71652pt x 169.313pt.
<capitolo1/decessi.png, id=123, 487.8225pt x 483.8075pt>
File: capitolo1/decessi.png Graphic file (type png)
<use capitolo1/decessi.png>
Package pdftex.def Info: capitolo1/decessi.png  used on input line 476.
(pdftex.def)             Requested size: 170.71652pt x 169.313pt.
 [23 <./capitolo1/anticoag.png>])
(./capitolo2/capitolo2.tex [24 <./capitolo1/decessi.png>]
Capitolo 3.
[25

] [26] [27] [28] [29] [30] [31] [32]) (./capitolo3/capitolo3.tex [33]
Capitolo 4.
[34

] [35] [36]
<capitolo3/dendo.png, id=171, 262.9825pt x 192.72pt>
File: capitolo3/dendo.png Graphic file (type png)
<use capitolo3/dendo.png>
Package pdftex.def Info: capitolo3/dendo.png  used on input line 68.
(pdftex.def)             Requested size: 227.62204pt x 166.81517pt.
 [37 <./capitolo3/dendo.png>] [38]
Overfull \hbox (11.26828pt too wide) in paragraph at lines 112--113
[]\T1/cmr/m/n/12 L'approccio che se-gue il K-mean per ri-sol-ve-re il pro-ble-m
a Ë chia-ma-to \T1/cmr/bx/n/12 Expectation-
 []

[39] [40]
Underfull \hbox (badness 10000) in paragraph at lines 182--184

 []

[41] [42] [43] [44]
<capitolo3/pca.png, id=205, 720.6925pt x 515.9275pt>
File: capitolo3/pca.png Graphic file (type png)
<use capitolo3/pca.png>
Package pdftex.def Info: capitolo3/pca.png  used on input line 305.
(pdftex.def)             Requested size: 106.69783pt x 76.37811pt.
<capitolo3/pca_3.png, id=206, 720.6925pt x 515.9275pt>
File: capitolo3/pca_3.png Graphic file (type png)
<use capitolo3/pca_3.png>
Package pdftex.def Info: capitolo3/pca_3.png  used on input line 311.
(pdftex.def)             Requested size: 106.69783pt x 76.37811pt.
 [45 <./capitolo3/pca.png> <./capitolo3/pca_3.png>]
<capitolo3/comp1.png, id=212, 700.6175pt x 617.30624pt>
File: capitolo3/comp1.png Graphic file (type png)
<use capitolo3/comp1.png>
Package pdftex.def Info: capitolo3/comp1.png  used on input line 327.
(pdftex.def)             Requested size: 170.71652pt x 150.41716pt.
<capitolo3/comp2.png, id=213, 706.64pt x 624.3325pt>
File: capitolo3/comp2.png Graphic file (type png)
<use capitolo3/comp2.png>
Package pdftex.def Info: capitolo3/comp2.png  used on input line 334.
(pdftex.def)             Requested size: 170.71652pt x 150.83362pt.
<capitolo3/comp3.png, id=214, 700.6175pt x 624.3325pt>
File: capitolo3/comp3.png Graphic file (type png)
<use capitolo3/comp3.png>
Package pdftex.def Info: capitolo3/comp3.png  used on input line 341.
(pdftex.def)             Requested size: 170.71652pt x 152.12923pt.
 [46 <./capitolo3/comp1.png> <./capitolo3/comp2.png> <./capitolo3/comp3.png>]
<capitolo3/sofa.png, id=221, 1022.82124pt x 584.1825pt>
File: capitolo3/sofa.png Graphic file (type png)
<use capitolo3/sofa.png>
Package pdftex.def Info: capitolo3/sofa.png  used on input line 354.
(pdftex.def)             Requested size: 341.43306pt x 195.0093pt.
<capitolo3/esiti.png, id=222, 835.12pt x 521.95pt>
File: capitolo3/esiti.png Graphic file (type png)
<use capitolo3/esiti.png>
Package pdftex.def Info: capitolo3/esiti.png  used on input line 360.
(pdftex.def)             Requested size: 341.43306pt x 213.39558pt.
<capitolo3/sil2.png, id=223, 479.7925pt x 329.23pt>
File: capitolo3/sil2.png Graphic file (type png)
<use capitolo3/sil2.png>
Package pdftex.def Info: capitolo3/sil2.png  used on input line 370.
(pdftex.def)             Requested size: 170.71652pt x 117.14622pt.
<capitolo3/sil3.png, id=224, 479.7925pt x 329.23pt>
File: capitolo3/sil3.png Graphic file (type png)
<use capitolo3/sil3.png>
Package pdftex.def Info: capitolo3/sil3.png  used on input line 377.
(pdftex.def)             Requested size: 170.71652pt x 117.14622pt.

Overfull \hbox (5.22098pt too wide) in paragraph at lines 368--381
[]$[]$   $[]$ 
 []

[47 <./capitolo3/sofa.png> <./capitolo3/esiti.png>]
<capitolo3/kmean.png, id=230, 742.775pt x 542.025pt>
File: capitolo3/kmean.png Graphic file (type png)
<use capitolo3/kmean.png>
Package pdftex.def Info: capitolo3/kmean.png  used on input line 387.
(pdftex.def)             Requested size: 398.33858pt x 290.68764pt.
 [48 <./capitolo3/sil2.png> <./capitolo3/sil3.png> <./capitolo3/kmean.png>]
Overfull \hbox (14.35762pt too wide) in paragraph at lines 463--481
[]$[]$  $[]$ 
 []

) (./conclusione/conclusione.tex [49]
Capitolo 5.
[50

]) (./appendiceA/appendiceA.tex [51]
Capitolo 6.
[52

]) (./main.bbl [53] [54

]
LaTeX Font Info:    Trying to load font information for T1+cmtt on input line 7
4.

(/usr/local/texlive/2022/texmf-dist/tex/latex/base/t1cmtt.fd
File: t1cmtt.fd 2019/12/16 v2.5j Standard LaTeX font definitions
) [55] [56])
(./ringraziamenti.tex [57] [58

] [59]) [60] (./main.aux) ) 
Here is how much of TeX's memory you used:
 11010 strings out of 478268
 177850 string characters out of 5846346
 506949 words of memory out of 5000000
 28986 multiletter control sequences out of 15000+600000
 491441 words of font info for 78 fonts, out of 8000000 for 9000
 1141 hyphenation exceptions out of 8191
 55i,17n,63p,1016b,523s stack positions out of 10000i,1000n,20000p,200000b,200000s
{/usr/local/texlive/2022/texmf-dist/fonts/enc/dvips/
cm-super/cm-super-t1.enc}{/usr/local/texlive/2022/texmf-dist/fonts/enc/dvips/cm
-super/cm-super-ts1.enc}</usr/local/texlive/2022/texmf-dist/fonts/type1/public/
amsfonts/cm/cmex10.pfb></usr/local/texlive/2022/texmf-dist/fonts/type1/public/a
msfonts/cm/cmmi12.pfb></usr/local/texlive/2022/texmf-dist/fonts/type1/public/am
sfonts/cm/cmmi6.pfb></usr/local/texlive/2022/texmf-dist/fonts/type1/public/amsf
onts/cm/cmmi8.pfb></usr/local/texlive/2022/texmf-dist/fonts/type1/public/amsfon
ts/cm/cmr12.pfb></usr/local/texlive/2022/texmf-dist/fonts/type1/public/amsfonts
/cm/cmr6.pfb></usr/local/texlive/2022/texmf-dist/fonts/type1/public/amsfonts/cm
/cmr8.pfb></usr/local/texlive/2022/texmf-dist/fonts/type1/public/amsfonts/cm/cm
sy10.pfb></usr/local/texlive/2022/texmf-dist/fonts/type1/public/amsfonts/cm/cms
y8.pfb></usr/local/texlive/2022/texmf-dist/fonts/type1/public/amsfonts/symbols/
msbm10.pfb></usr/local/texlive/2022/texmf-dist/fonts/type1/public/cm-super/sfbi
1200.pfb></usr/local/texlive/2022/texmf-dist/fonts/type1/public/cm-super/sfbx08
00.pfb></usr/local/texlive/2022/texmf-dist/fonts/type1/public/cm-super/sfbx1200
.pfb></usr/local/texlive/2022/texmf-dist/fonts/type1/public/cm-super/sfbx1440.p
fb></usr/local/texlive/2022/texmf-dist/fonts/type1/public/cm-super/sfbx1728.pfb
></usr/local/texlive/2022/texmf-dist/fonts/type1/public/cm-super/sfcc1200.pfb><
/usr/local/texlive/2022/texmf-dist/fonts/type1/public/cm-super/sfrm1000.pfb></u
sr/local/texlive/2022/texmf-dist/fonts/type1/public/cm-super/sfrm1095.pfb></usr
/local/texlive/2022/texmf-dist/fonts/type1/public/cm-super/sfrm1200.pfb></usr/l
ocal/texlive/2022/texmf-dist/fonts/type1/public/cm-super/sfrm1728.pfb></usr/loc
al/texlive/2022/texmf-dist/fonts/type1/public/cm-super/sfss1728.pfb></usr/local
/texlive/2022/texmf-dist/fonts/type1/public/cm-super/sfss2488.pfb></usr/local/t
exlive/2022/texmf-dist/fonts/type1/public/cm-super/sfti1200.pfb></usr/local/tex
live/2022/texmf-dist/fonts/type1/public/cm-super/sftt1200.pfb></usr/local/texli
ve/2022/texmf-dist/fonts/type1/public/cm-super/sfxc1200.pfb>
Output written on main.pdf (61 pages, 1649556 bytes).
PDF statistics:
 388 PDF objects out of 1000 (max. 8388607)
 217 compressed objects within 3 object streams
 0 named destinations out of 1000 (max. 500000)
 136 words of extra memory for PDF output out of 10000 (max. 10000000)

